mode: set
github.com/viant/dsc/matcher.go:10.69,13.57 3 1
github.com/viant/dsc/matcher.go:17.2,17.35 1 1
github.com/viant/dsc/matcher.go:33.2,33.21 1 1
github.com/viant/dsc/matcher.go:40.2,40.10 1 1
github.com/viant/dsc/matcher.go:13.57,16.3 2 1
github.com/viant/dsc/matcher.go:17.35,19.22 2 1
github.com/viant/dsc/matcher.go:19.22,20.80 1 1
github.com/viant/dsc/matcher.go:20.80,22.10 2 1
github.com/viant/dsc/matcher.go:25.4,26.48 1 1
github.com/viant/dsc/matcher.go:26.48,27.42 1 1
github.com/viant/dsc/matcher.go:27.42,29.6 1 1
github.com/viant/dsc/matcher.go:33.21,34.62 1 1
github.com/viant/dsc/matcher.go:37.3,37.11 1 0
github.com/viant/dsc/matcher.go:34.62,36.4 1 1
github.com/viant/dsc/matcher.go:51.70,52.86 1 1
github.com/viant/dsc/matcher.go:55.2,62.49 6 1
github.com/viant/dsc/matcher.go:87.2,87.84 1 1
github.com/viant/dsc/matcher.go:90.2,90.14 1 1
github.com/viant/dsc/matcher.go:52.86,54.3 1 0
github.com/viant/dsc/matcher.go:62.49,64.32 2 1
github.com/viant/dsc/matcher.go:71.3,72.28 2 1
github.com/viant/dsc/matcher.go:77.3,78.24 2 1
github.com/viant/dsc/matcher.go:84.3,84.20 1 1
github.com/viant/dsc/matcher.go:64.32,65.22 1 1
github.com/viant/dsc/matcher.go:68.4,69.12 2 1
github.com/viant/dsc/matcher.go:65.22,67.5 1 0
github.com/viant/dsc/matcher.go:72.28,74.12 2 1
github.com/viant/dsc/matcher.go:78.24,79.22 1 1
github.com/viant/dsc/matcher.go:82.4,82.9 1 1
github.com/viant/dsc/matcher.go:79.22,81.5 1 0
github.com/viant/dsc/matcher.go:87.84,89.3 1 0
github.com/viant/dsc/query_builder.go:19.74,27.2 3 0
github.com/viant/dsc/query_builder.go:30.104,36.39 6 1
github.com/viant/dsc/query_builder.go:55.2,56.18 2 1
github.com/viant/dsc/query_builder.go:59.2,63.3 2 1
github.com/viant/dsc/query_builder.go:36.39,37.24 1 1
github.com/viant/dsc/query_builder.go:41.3,45.24 4 1
github.com/viant/dsc/query_builder.go:48.3,48.19 1 1
github.com/viant/dsc/query_builder.go:37.24,39.4 1 0
github.com/viant/dsc/query_builder.go:45.24,47.4 1 1
github.com/viant/dsc/query_builder.go:48.19,50.4 1 0
github.com/viant/dsc/query_builder.go:50.4,52.4 1 1
github.com/viant/dsc/query_builder.go:56.18,58.3 1 0
github.com/viant/dsc/query_builder.go:68.127,70.86 2 1
github.com/viant/dsc/query_builder.go:74.2,74.15 1 1
github.com/viant/dsc/query_builder.go:70.86,73.3 2 1
github.com/viant/dsc/query_builder.go:78.82,81.2 2 1
github.com/viant/dsc/sql_connection.go:15.42,17.16 2 1
github.com/viant/dsc/sql_connection.go:20.2,20.19 1 1
github.com/viant/dsc/sql_connection.go:17.16,19.3 1 0
github.com/viant/dsc/sql_connection.go:23.39,25.16 2 1
github.com/viant/dsc/sql_connection.go:28.2,29.16 2 1
github.com/viant/dsc/sql_connection.go:33.2,34.12 2 1
github.com/viant/dsc/sql_connection.go:25.16,27.3 1 0
github.com/viant/dsc/sql_connection.go:29.16,31.3 1 0
github.com/viant/dsc/sql_connection.go:37.64,38.28 1 1
github.com/viant/dsc/sql_connection.go:43.2,43.58 1 0
github.com/viant/dsc/sql_connection.go:38.28,40.3 1 1
github.com/viant/dsc/sql_connection.go:40.3,40.36 1 1
github.com/viant/dsc/sql_connection.go:40.36,42.3 1 1
github.com/viant/dsc/sql_connection.go:46.40,47.17 1 1
github.com/viant/dsc/sql_connection.go:50.2,52.12 3 1
github.com/viant/dsc/sql_connection.go:47.17,49.3 1 0
github.com/viant/dsc/sql_connection.go:55.42,56.17 1 1
github.com/viant/dsc/sql_connection.go:59.2,61.12 3 1
github.com/viant/dsc/sql_connection.go:56.17,58.3 1 0
github.com/viant/dsc/sql_connection.go:68.69,71.16 3 1
github.com/viant/dsc/sql_connection.go:74.2,78.24 5 1
github.com/viant/dsc/sql_connection.go:71.16,73.3 1 0
github.com/viant/dsc/sql_connection.go:81.59,83.16 2 1
github.com/viant/dsc/sql_connection.go:86.2,87.16 2 1
github.com/viant/dsc/sql_connection.go:91.2,93.16 3 1
github.com/viant/dsc/sql_connection.go:96.2,97.16 2 1
github.com/viant/dsc/sql_connection.go:100.2,100.20 1 1
github.com/viant/dsc/sql_connection.go:83.16,85.3 1 0
github.com/viant/dsc/sql_connection.go:87.16,89.3 1 0
github.com/viant/dsc/sql_connection.go:93.16,95.3 1 0
github.com/viant/dsc/sql_connection.go:97.16,99.3 1 0
github.com/viant/dsc/sql_connection.go:103.66,104.29 1 1
github.com/viant/dsc/sql_connection.go:107.2,111.27 5 1
github.com/viant/dsc/sql_connection.go:104.29,106.3 1 0
github.com/viant/dsc/common.go:25.51,27.2 1 1
github.com/viant/dsc/common.go:30.51,32.2 1 1
github.com/viant/dsc/common.go:35.64,38.2 2 1
github.com/viant/dsc/dialect.go:9.74,11.2 1 1
github.com/viant/dsc/dialect.go:13.88,15.2 1 0
github.com/viant/dsc/dialect.go:17.90,19.2 1 0
github.com/viant/dsc/dialect.go:21.108,23.2 1 0
github.com/viant/dsc/dialect.go:25.66,27.2 1 1
github.com/viant/dsc/dialect.go:29.82,31.2 1 1
github.com/viant/dsc/dialect.go:33.64,35.2 1 1
github.com/viant/dsc/dialect.go:37.80,39.2 1 1
github.com/viant/dsc/dialect.go:41.78,43.2 1 0
github.com/viant/dsc/dialect.go:45.82,47.2 1 1
github.com/viant/dsc/dialect.go:49.48,51.2 1 1
github.com/viant/dsc/dialect.go:54.43,56.2 1 1
github.com/viant/dsc/sql_manager_factory.go:7.70,14.2 6 1
github.com/viant/dsc/sql_manager_factory.go:16.72,18.16 2 0
github.com/viant/dsc/sql_manager_factory.go:21.2,23.26 3 0
github.com/viant/dsc/sql_manager_factory.go:18.16,20.3 1 0
github.com/viant/dsc/file_scanner.go:13.51,15.2 1 1
github.com/viant/dsc/file_scanner.go:18.63,20.36 2 1
github.com/viant/dsc/file_scanner.go:28.2,28.12 1 1
github.com/viant/dsc/file_scanner.go:20.36,21.50 1 1
github.com/viant/dsc/file_scanner.go:21.50,23.18 2 1
github.com/viant/dsc/file_scanner.go:23.18,25.5 1 0
github.com/viant/dsc/file_scanner.go:32.68,38.2 2 1
github.com/viant/dsc/sql_manager.go:9.52,10.41 1 1
github.com/viant/dsc/sql_manager.go:13.2,14.92 2 0
github.com/viant/dsc/sql_manager.go:10.41,12.3 1 1
github.com/viant/dsc/sql_manager.go:17.52,18.20 1 1
github.com/viant/dsc/sql_manager.go:21.2,21.41 1 1
github.com/viant/dsc/sql_manager.go:24.2,25.92 2 0
github.com/viant/dsc/sql_manager.go:18.20,20.3 1 0
github.com/viant/dsc/sql_manager.go:21.41,23.3 1 1
github.com/viant/dsc/sql_manager.go:28.54,29.70 1 1
github.com/viant/dsc/sql_manager.go:32.2,33.131 2 0
github.com/viant/dsc/sql_manager.go:29.70,31.3 1 1
github.com/viant/dsc/sql_manager.go:44.117,46.16 2 1
github.com/viant/dsc/sql_manager.go:49.2,51.16 3 1
github.com/viant/dsc/sql_manager.go:54.2,54.15 1 1
github.com/viant/dsc/sql_manager.go:57.2,57.17 1 1
github.com/viant/dsc/sql_manager.go:61.2,62.16 2 1
github.com/viant/dsc/sql_manager.go:65.2,65.20 1 1
github.com/viant/dsc/sql_manager.go:46.16,48.3 1 0
github.com/viant/dsc/sql_manager.go:51.16,53.3 1 0
github.com/viant/dsc/sql_manager.go:54.15,56.3 1 1
github.com/viant/dsc/sql_manager.go:57.17,59.3 1 1
github.com/viant/dsc/sql_manager.go:62.16,64.3 1 1
github.com/viant/dsc/sql_manager.go:68.185,70.16 2 1
github.com/viant/dsc/sql_manager.go:74.2,75.21 2 1
github.com/viant/dsc/sql_manager.go:78.2,80.23 3 1
github.com/viant/dsc/sql_manager.go:83.2,84.18 2 1
github.com/viant/dsc/sql_manager.go:94.2,94.21 1 1
github.com/viant/dsc/sql_manager.go:70.16,72.3 1 0
github.com/viant/dsc/sql_manager.go:75.21,77.3 1 1
github.com/viant/dsc/sql_manager.go:80.23,82.3 1 0
github.com/viant/dsc/sql_manager.go:84.18,87.17 3 1
github.com/viant/dsc/sql_manager.go:90.3,90.18 1 1
github.com/viant/dsc/sql_manager.go:87.17,89.4 1 0
github.com/viant/dsc/sql_manager.go:90.18,91.9 1 1
github.com/viant/dsc/sql_manager.go:97.121,98.17 1 1
github.com/viant/dsc/sql_manager.go:101.2,102.16 2 1
github.com/viant/dsc/sql_manager.go:105.2,105.18 1 1
github.com/viant/dsc/sql_manager.go:98.17,100.3 1 0
github.com/viant/dsc/sql_manager.go:102.16,104.3 1 0
github.com/viant/dsc/sql_predicate.go:12.49,14.2 1 1
github.com/viant/dsc/sql_predicate.go:21.58,24.2 2 1
github.com/viant/dsc/sql_predicate.go:26.44,28.2 1 0
github.com/viant/dsc/sql_predicate.go:31.66,37.2 2 1
github.com/viant/dsc/sql_predicate.go:43.53,45.2 1 0
github.com/viant/dsc/sql_predicate.go:48.62,50.14 2 1
github.com/viant/dsc/sql_predicate.go:51.2,53.78 2 1
github.com/viant/dsc/sql_predicate.go:56.3,56.20 1 1
github.com/viant/dsc/sql_predicate.go:57.2,59.82 2 0
github.com/viant/dsc/sql_predicate.go:62.3,62.20 1 0
github.com/viant/dsc/sql_predicate.go:63.2,65.81 2 1
github.com/viant/dsc/sql_predicate.go:68.3,68.20 1 1
github.com/viant/dsc/sql_predicate.go:53.78,55.4 1 1
github.com/viant/dsc/sql_predicate.go:59.82,61.4 1 0
github.com/viant/dsc/sql_predicate.go:65.81,67.4 1 1
github.com/viant/dsc/sql_predicate.go:76.58,79.2 2 0
github.com/viant/dsc/sql_predicate.go:85.56,88.2 2 1
github.com/viant/dsc/sql_predicate.go:94.59,97.2 2 1
github.com/viant/dsc/sql_predicate.go:104.68,106.20 2 1
github.com/viant/dsc/sql_predicate.go:120.2,120.14 1 0
github.com/viant/dsc/sql_predicate.go:107.2,108.38 1 1
github.com/viant/dsc/sql_predicate.go:109.2,110.39 1 0
github.com/viant/dsc/sql_predicate.go:111.2,112.38 1 1
github.com/viant/dsc/sql_predicate.go:113.2,114.39 1 0
github.com/viant/dsc/sql_predicate.go:115.2,116.39 1 1
github.com/viant/dsc/sql_predicate.go:117.2,118.39 1 1
github.com/viant/dsc/sql_predicate.go:128.67,131.20 2 0
github.com/viant/dsc/sql_predicate.go:137.2,137.14 1 0
github.com/viant/dsc/sql_predicate.go:132.2,133.39 1 0
github.com/viant/dsc/sql_predicate.go:134.2,135.39 1 0
github.com/viant/dsc/sql_predicate.go:141.89,142.44 1 1
github.com/viant/dsc/sql_predicate.go:145.2,145.76 1 0
github.com/viant/dsc/sql_predicate.go:142.44,144.3 1 1
github.com/viant/dsc/sql_predicate.go:150.54,152.2 1 0
github.com/viant/dsc/sql_predicate.go:158.55,160.55 2 1
github.com/viant/dsc/sql_predicate.go:169.2,169.13 1 1
github.com/viant/dsc/sql_predicate.go:160.55,162.26 2 1
github.com/viant/dsc/sql_predicate.go:165.3,165.37 1 1
github.com/viant/dsc/sql_predicate.go:162.26,164.4 1 1
github.com/viant/dsc/sql_predicate.go:165.37,167.4 1 1
github.com/viant/dsc/sql_predicate.go:173.58,175.2 1 1
github.com/viant/dsc/sql_predicate.go:177.93,178.20 1 1
github.com/viant/dsc/sql_predicate.go:181.2,182.27 2 1
github.com/viant/dsc/sql_predicate.go:185.2,186.23 2 1
github.com/viant/dsc/sql_predicate.go:178.20,180.3 1 0
github.com/viant/dsc/sql_predicate.go:182.27,184.3 1 0
github.com/viant/dsc/sql_predicate.go:189.99,191.35 2 1
github.com/viant/dsc/sql_predicate.go:198.2,198.20 1 1
github.com/viant/dsc/sql_predicate.go:191.35,193.17 2 1
github.com/viant/dsc/sql_predicate.go:196.3,196.35 1 1
github.com/viant/dsc/sql_predicate.go:193.17,195.4 1 0
github.com/viant/dsc/sql_predicate.go:202.111,203.30 1 1
github.com/viant/dsc/sql_predicate.go:206.2,206.45 1 1
github.com/viant/dsc/sql_predicate.go:203.30,205.3 1 0
github.com/viant/dsc/sql_predicate.go:207.2,209.17 2 1
github.com/viant/dsc/sql_predicate.go:212.3,212.42 1 1
github.com/viant/dsc/sql_predicate.go:213.2,215.17 2 1
github.com/viant/dsc/sql_predicate.go:218.3,218.58 1 1
github.com/viant/dsc/sql_predicate.go:219.2,221.39 2 0
github.com/viant/dsc/sql_predicate.go:224.3,224.60 1 0
github.com/viant/dsc/sql_predicate.go:225.2,226.30 1 0
github.com/viant/dsc/sql_predicate.go:227.2,229.17 2 1
github.com/viant/dsc/sql_predicate.go:232.3,232.66 1 1
github.com/viant/dsc/sql_predicate.go:209.17,211.4 1 0
github.com/viant/dsc/sql_predicate.go:215.17,217.4 1 0
github.com/viant/dsc/sql_predicate.go:221.39,223.4 1 0
github.com/viant/dsc/sql_predicate.go:229.17,231.4 1 0
github.com/viant/dsc/sql_predicate.go:241.58,243.37 2 1
github.com/viant/dsc/sql_predicate.go:249.2,249.14 1 0
github.com/viant/dsc/sql_predicate.go:244.2,245.39 1 1
github.com/viant/dsc/sql_predicate.go:246.2,247.39 1 0
github.com/viant/dsc/sql_predicate.go:253.79,255.2 1 1
github.com/viant/dsc/sql_predicate.go:262.63,264.9 2 1
github.com/viant/dsc/sql_predicate.go:267.2,270.39 3 1
github.com/viant/dsc/sql_predicate.go:289.2,289.15 1 1
github.com/viant/dsc/sql_predicate.go:264.9,266.3 1 0
github.com/viant/dsc/sql_predicate.go:270.39,275.24 5 1
github.com/viant/dsc/sql_predicate.go:278.3,278.30 1 1
github.com/viant/dsc/sql_predicate.go:281.3,281.38 1 1
github.com/viant/dsc/sql_predicate.go:275.24,277.4 1 0
github.com/viant/dsc/sql_predicate.go:278.30,280.4 1 1
github.com/viant/dsc/sql_predicate.go:281.38,282.70 1 1
github.com/viant/dsc/sql_predicate.go:286.4,286.77 1 1
github.com/viant/dsc/sql_predicate.go:282.70,284.10 1 0
github.com/viant/dsc/sql_predicate.go:293.112,295.37 2 1
github.com/viant/dsc/sql_predicate.go:303.2,303.79 1 1
github.com/viant/dsc/sql_predicate.go:295.37,298.17 3 1
github.com/viant/dsc/sql_predicate.go:301.3,301.45 1 1
github.com/viant/dsc/sql_predicate.go:298.17,300.4 1 0
github.com/viant/dsc/table_descriptor.go:16.64,21.2 4 1
github.com/viant/dsc/table_descriptor.go:23.76,26.51 3 1
github.com/viant/dsc/table_descriptor.go:29.2,29.57 1 0
github.com/viant/dsc/table_descriptor.go:26.51,28.3 1 1
github.com/viant/dsc/table_descriptor.go:32.79,33.28 1 1
github.com/viant/dsc/table_descriptor.go:36.2,38.43 3 1
github.com/viant/dsc/table_descriptor.go:33.28,34.62 1 0
github.com/viant/dsc/table_descriptor.go:41.59,45.30 4 0
github.com/viant/dsc/table_descriptor.go:48.2,48.15 1 0
github.com/viant/dsc/table_descriptor.go:45.30,47.3 1 0
github.com/viant/dsc/table_descriptor.go:52.59,55.2 2 1
github.com/viant/dsc/table_descriptor.go:58.44,60.2 1 0
github.com/viant/dsc/table_descriptor.go:63.78,70.36 6 1
github.com/viant/dsc/table_descriptor.go:83.2,83.36 1 1
github.com/viant/dsc/table_descriptor.go:104.2,104.25 1 1
github.com/viant/dsc/table_descriptor.go:107.2,112.3 1 1
github.com/viant/dsc/table_descriptor.go:70.36,73.10 3 1
github.com/viant/dsc/table_descriptor.go:76.3,76.44 1 1
github.com/viant/dsc/table_descriptor.go:73.10,75.4 1 1
github.com/viant/dsc/table_descriptor.go:76.44,79.12 3 1
github.com/viant/dsc/table_descriptor.go:83.36,86.10 3 1
github.com/viant/dsc/table_descriptor.go:90.3,91.41 2 1
github.com/viant/dsc/table_descriptor.go:97.3,97.18 1 1
github.com/viant/dsc/table_descriptor.go:86.10,88.4 1 1
github.com/viant/dsc/table_descriptor.go:91.41,92.55 1 0
github.com/viant/dsc/table_descriptor.go:95.4,95.12 1 0
github.com/viant/dsc/table_descriptor.go:92.55,94.5 1 0
github.com/viant/dsc/table_descriptor.go:97.18,98.55 1 1
github.com/viant/dsc/table_descriptor.go:101.4,101.12 1 1
github.com/viant/dsc/table_descriptor.go:98.55,100.5 1 1
github.com/viant/dsc/table_descriptor.go:104.25,105.89 1 0
github.com/viant/dsc/dml_builder.go:25.112,27.33 2 1
github.com/viant/dsc/dml_builder.go:30.2,30.15 1 1
github.com/viant/dsc/dml_builder.go:27.33,29.3 1 1
github.com/viant/dsc/dml_builder.go:33.100,35.37 2 1
github.com/viant/dsc/dml_builder.go:40.2,40.45 1 1
github.com/viant/dsc/dml_builder.go:35.37,37.3 1 1
github.com/viant/dsc/dml_builder.go:37.3,39.3 1 1
github.com/viant/dsc/dml_builder.go:44.118,45.17 1 1
github.com/viant/dsc/dml_builder.go:63.2,63.54 1 0
github.com/viant/dsc/dml_builder.go:46.2,50.4 1 1
github.com/viant/dsc/dml_builder.go:52.2,56.4 1 1
github.com/viant/dsc/dml_builder.go:57.2,61.4 1 0
github.com/viant/dsc/dml_builder.go:66.69,68.33 2 1
github.com/viant/dsc/dml_builder.go:74.2,74.15 1 1
github.com/viant/dsc/dml_builder.go:68.33,69.22 1 1
github.com/viant/dsc/dml_builder.go:72.3,72.42 1 1
github.com/viant/dsc/dml_builder.go:69.22,71.4 1 1
github.com/viant/dsc/dml_builder.go:77.98,79.30 2 1
github.com/viant/dsc/dml_builder.go:84.2,86.105 3 1
github.com/viant/dsc/dml_builder.go:79.30,81.3 1 1
github.com/viant/dsc/dml_builder.go:81.3,83.3 1 1
github.com/viant/dsc/dml_builder.go:89.80,91.2 1 1
github.com/viant/dsc/dml_builder.go:93.57,95.2 1 1
github.com/viant/dsc/dml_builder.go:98.61,103.44 4 1
github.com/viant/dsc/dml_builder.go:109.2,119.3 4 1
github.com/viant/dsc/dml_builder.go:103.44,104.34 1 1
github.com/viant/dsc/dml_builder.go:104.34,106.4 1 1
github.com/viant/dsc/manager_registry.go:13.71,14.55 1 0
github.com/viant/dsc/manager_registry.go:17.2,17.28 1 0
github.com/viant/dsc/manager_registry.go:14.55,16.3 1 0
github.com/viant/dsc/manager_registry.go:20.57,21.40 1 0
github.com/viant/dsc/manager_registry.go:24.2,24.121 1 0
github.com/viant/dsc/manager_registry.go:21.40,23.3 1 0
github.com/viant/dsc/manager_registry.go:27.49,29.2 1 0
github.com/viant/dsc/manager_registry.go:32.43,35.2 2 1
github.com/viant/dsc/file_dialect.go:16.87,18.16 2 1
github.com/viant/dsc/file_dialect.go:21.2,21.24 1 1
github.com/viant/dsc/file_dialect.go:18.16,20.3 1 0
github.com/viant/dsc/file_dialect.go:25.85,28.16 3 1
github.com/viant/dsc/file_dialect.go:31.2,32.16 2 1
github.com/viant/dsc/file_dialect.go:35.2,36.29 2 1
github.com/viant/dsc/file_dialect.go:41.2,41.20 1 1
github.com/viant/dsc/file_dialect.go:28.16,30.3 1 0
github.com/viant/dsc/file_dialect.go:32.16,34.3 1 0
github.com/viant/dsc/file_dialect.go:36.29,37.35 1 1
github.com/viant/dsc/file_dialect.go:37.35,39.4 1 1
github.com/viant/dsc/file_dialect.go:45.75,47.2 1 1
github.com/viant/dsc/record_mapper.go:19.80,21.16 2 1
github.com/viant/dsc/record_mapper.go:25.2,29.72 1 1
github.com/viant/dsc/record_mapper.go:21.16,24.3 2 1
github.com/viant/dsc/record_mapper.go:32.72,34.30 2 1
github.com/viant/dsc/record_mapper.go:42.2,42.15 1 1
github.com/viant/dsc/record_mapper.go:34.30,35.67 1 1
github.com/viant/dsc/record_mapper.go:35.67,36.46 1 1
github.com/viant/dsc/record_mapper.go:36.46,38.5 1 0
github.com/viant/dsc/record_mapper.go:45.92,49.30 4 0
github.com/viant/dsc/record_mapper.go:57.2,57.15 1 0
github.com/viant/dsc/record_mapper.go:49.30,50.67 1 0
github.com/viant/dsc/record_mapper.go:50.67,51.46 1 0
github.com/viant/dsc/record_mapper.go:51.46,54.5 2 0
github.com/viant/dsc/record_mapper.go:60.131,61.44 1 0
github.com/viant/dsc/record_mapper.go:96.2,96.12 1 0
github.com/viant/dsc/record_mapper.go:61.44,67.29 5 0
github.com/viant/dsc/record_mapper.go:74.3,76.48 3 0
github.com/viant/dsc/record_mapper.go:82.3,84.57 3 0
github.com/viant/dsc/record_mapper.go:67.29,68.35 1 0
github.com/viant/dsc/record_mapper.go:71.4,71.12 1 0
github.com/viant/dsc/record_mapper.go:68.35,70.5 1 0
github.com/viant/dsc/record_mapper.go:76.48,78.4 1 0
github.com/viant/dsc/record_mapper.go:78.4,80.4 1 0
github.com/viant/dsc/record_mapper.go:84.57,87.18 3 0
github.com/viant/dsc/record_mapper.go:87.18,90.5 1 0
github.com/viant/dsc/record_mapper.go:91.4,93.4 1 0
github.com/viant/dsc/record_mapper.go:99.87,109.22 8 1
github.com/viant/dsc/record_mapper.go:112.2,112.30 1 1
github.com/viant/dsc/record_mapper.go:129.2,130.16 2 1
github.com/viant/dsc/record_mapper.go:134.2,134.22 1 1
github.com/viant/dsc/record_mapper.go:141.2,141.20 1 1
github.com/viant/dsc/record_mapper.go:145.2,145.39 1 0
github.com/viant/dsc/record_mapper.go:109.22,111.3 1 0
github.com/viant/dsc/record_mapper.go:112.30,114.72 1 1
github.com/viant/dsc/record_mapper.go:114.72,118.51 3 1
github.com/viant/dsc/record_mapper.go:123.4,123.52 1 1
github.com/viant/dsc/record_mapper.go:118.51,120.13 2 0
github.com/viant/dsc/record_mapper.go:125.4,127.4 1 0
github.com/viant/dsc/record_mapper.go:130.16,132.3 1 0
github.com/viant/dsc/record_mapper.go:134.22,136.17 2 0
github.com/viant/dsc/record_mapper.go:136.17,138.4 1 0
github.com/viant/dsc/record_mapper.go:141.20,144.3 2 1
github.com/viant/dsc/record_mapper.go:148.96,150.2 1 0
github.com/viant/dsc/record_mapper.go:152.82,154.2 1 1
github.com/viant/dsc/record_mapper.go:162.86,164.2 1 1
github.com/viant/dsc/record_mapper.go:166.75,168.16 2 1
github.com/viant/dsc/record_mapper.go:171.2,171.19 1 1
github.com/viant/dsc/record_mapper.go:174.2,174.20 1 1
github.com/viant/dsc/record_mapper.go:168.16,170.3 1 0
github.com/viant/dsc/record_mapper.go:171.19,173.3 1 0
github.com/viant/dsc/record_mapper.go:178.60,179.27 1 1
github.com/viant/dsc/record_mapper.go:197.2,197.12 1 0
github.com/viant/dsc/record_mapper.go:180.2,182.16 2 1
github.com/viant/dsc/record_mapper.go:183.2,185.16 2 1
github.com/viant/dsc/record_mapper.go:186.2,187.48 1 1
github.com/viant/dsc/record_mapper.go:194.2,195.50 1 0
github.com/viant/dsc/record_mapper.go:187.48,190.4 2 0
github.com/viant/dsc/record_mapper.go:190.4,190.56 1 1
github.com/viant/dsc/record_mapper.go:190.56,193.4 2 1
github.com/viant/dsc/record_mapper.go:201.89,202.19 1 1
github.com/viant/dsc/record_mapper.go:205.2,205.36 1 1
github.com/viant/dsc/record_mapper.go:202.19,204.3 1 0
github.com/viant/dsc/record_mapper.go:209.64,216.27 5 1
github.com/viant/dsc/record_mapper.go:220.2,221.16 2 1
github.com/viant/dsc/record_mapper.go:225.2,225.27 1 1
github.com/viant/dsc/record_mapper.go:236.2,236.32 1 1
github.com/viant/dsc/record_mapper.go:216.27,218.3 1 1
github.com/viant/dsc/record_mapper.go:221.16,223.3 1 0
github.com/viant/dsc/record_mapper.go:225.27,229.9 4 1
github.com/viant/dsc/record_mapper.go:234.3,234.23 1 1
github.com/viant/dsc/record_mapper.go:229.9,231.4 1 1
github.com/viant/dsc/record_mapper.go:231.4,233.4 1 1
github.com/viant/dsc/file_manager_factory.go:9.74,15.2 5 1
github.com/viant/dsc/file_manager_factory.go:17.76,19.16 2 1
github.com/viant/dsc/file_manager_factory.go:22.2,24.25 3 1
github.com/viant/dsc/file_manager_factory.go:19.16,21.3 1 0
github.com/viant/dsc/manager.go:25.45,27.2 1 1
github.com/viant/dsc/manager.go:30.68,32.2 1 1
github.com/viant/dsc/manager.go:35.109,38.16 3 1
github.com/viant/dsc/manager.go:41.2,42.71 2 1
github.com/viant/dsc/manager.go:38.16,40.3 1 0
github.com/viant/dsc/manager.go:46.76,48.16 2 1
github.com/viant/dsc/manager.go:51.2,52.60 2 1
github.com/viant/dsc/manager.go:48.16,50.3 1 0
github.com/viant/dsc/manager.go:56.111,58.27 2 1
github.com/viant/dsc/manager.go:65.2,65.20 1 0
github.com/viant/dsc/manager.go:58.27,61.17 3 1
github.com/viant/dsc/manager.go:61.17,63.4 1 1
github.com/viant/dsc/manager.go:69.165,71.16 2 1
github.com/viant/dsc/manager.go:74.2,75.104 2 1
github.com/viant/dsc/manager.go:71.16,73.3 1 0
github.com/viant/dsc/manager.go:79.139,81.16 2 1
github.com/viant/dsc/manager.go:84.2,86.103 2 1
github.com/viant/dsc/manager.go:81.16,83.3 1 0
github.com/viant/dsc/manager.go:90.175,93.19 3 1
github.com/viant/dsc/manager.go:96.2,96.142 1 1
github.com/viant/dsc/manager.go:113.2,113.12 1 1
github.com/viant/dsc/manager.go:93.19,95.3 1 1
github.com/viant/dsc/manager.go:96.142,98.27 2 1
github.com/viant/dsc/manager.go:101.3,101.20 1 1
github.com/viant/dsc/manager.go:111.3,111.19 1 1
github.com/viant/dsc/manager.go:98.27,100.4 1 0
github.com/viant/dsc/manager.go:101.20,104.78 2 1
github.com/viant/dsc/manager.go:109.4,109.49 1 1
github.com/viant/dsc/manager.go:104.78,105.42 1 1
github.com/viant/dsc/manager.go:105.42,107.6 1 1
github.com/viant/dsc/manager.go:117.158,119.16 2 1
github.com/viant/dsc/manager.go:122.2,123.101 2 1
github.com/viant/dsc/manager.go:119.16,121.3 1 0
github.com/viant/dsc/manager.go:127.193,129.19 2 1
github.com/viant/dsc/manager.go:133.2,136.139 3 1
github.com/viant/dsc/manager.go:163.2,163.21 1 1
github.com/viant/dsc/manager.go:129.19,131.3 1 1
github.com/viant/dsc/manager.go:136.139,138.17 2 1
github.com/viant/dsc/manager.go:142.3,142.20 1 1
github.com/viant/dsc/manager.go:161.3,161.20 1 1
github.com/viant/dsc/manager.go:138.17,140.4 1 0
github.com/viant/dsc/manager.go:142.20,143.43 1 1
github.com/viant/dsc/manager.go:159.4,159.18 1 1
github.com/viant/dsc/manager.go:143.43,145.62 2 1
github.com/viant/dsc/manager.go:145.62,146.21 1 1
github.com/viant/dsc/manager.go:150.6,151.17 2 1
github.com/viant/dsc/manager.go:146.21,149.7 2 1
github.com/viant/dsc/manager.go:153.5,154.54 1 1
github.com/viant/dsc/manager.go:157.5,157.71 1 1
github.com/viant/dsc/manager.go:154.54,156.6 1 1
github.com/viant/dsc/manager.go:168.117,170.16 2 1
github.com/viant/dsc/manager.go:173.2,173.16 1 1
github.com/viant/dsc/manager.go:176.2,179.16 3 1
github.com/viant/dsc/manager.go:182.2,183.16 2 1
github.com/viant/dsc/manager.go:194.2,194.31 1 1
github.com/viant/dsc/manager.go:170.16,172.3 1 0
github.com/viant/dsc/manager.go:173.16,175.3 1 0
github.com/viant/dsc/manager.go:179.16,181.3 1 0
github.com/viant/dsc/manager.go:183.16,185.23 2 1
github.com/viant/dsc/manager.go:185.23,187.4 1 0
github.com/viant/dsc/manager.go:188.3,190.25 2 1
github.com/viant/dsc/manager.go:190.25,192.4 1 0
github.com/viant/dsc/manager.go:198.108,199.44 1 1
github.com/viant/dsc/manager.go:203.2,203.46 1 1
github.com/viant/dsc/manager.go:199.44,202.3 2 1
github.com/viant/dsc/manager.go:207.174,213.16 6 1
github.com/viant/dsc/manager.go:217.2,218.30 2 1
github.com/viant/dsc/manager.go:231.2,231.130 1 1
github.com/viant/dsc/manager.go:234.2,234.22 1 1
github.com/viant/dsc/manager.go:238.2,238.30 1 1
github.com/viant/dsc/manager.go:245.2,245.128 1 1
github.com/viant/dsc/manager.go:249.2,249.22 1 1
github.com/viant/dsc/manager.go:253.2,253.31 1 1
github.com/viant/dsc/manager.go:213.16,215.3 1 1
github.com/viant/dsc/manager.go:218.30,220.86 2 1
github.com/viant/dsc/manager.go:220.86,221.43 1 1
github.com/viant/dsc/manager.go:227.4,227.15 1 1
github.com/viant/dsc/manager.go:221.43,222.45 1 1
github.com/viant/dsc/manager.go:222.45,224.11 2 1
github.com/viant/dsc/manager.go:231.130,233.3 1 1
github.com/viant/dsc/manager.go:234.22,236.3 1 0
github.com/viant/dsc/manager.go:238.30,239.39 1 1
github.com/viant/dsc/manager.go:239.39,242.4 2 1
github.com/viant/dsc/manager.go:245.128,247.3 1 1
github.com/viant/dsc/manager.go:249.22,251.3 1 0
github.com/viant/dsc/manager.go:257.142,260.16 3 1
github.com/viant/dsc/manager.go:263.2,263.18 1 1
github.com/viant/dsc/manager.go:270.2,270.31 1 1
github.com/viant/dsc/manager.go:260.16,262.3 1 1
github.com/viant/dsc/manager.go:263.18,265.31 2 1
github.com/viant/dsc/manager.go:265.31,268.4 2 1
github.com/viant/dsc/manager.go:274.177,277.2 2 0
github.com/viant/dsc/manager.go:280.184,282.28 2 1
github.com/viant/dsc/manager.go:304.2,304.23 1 1
github.com/viant/dsc/manager.go:282.28,285.17 3 1
github.com/viant/dsc/manager.go:289.3,290.17 2 1
github.com/viant/dsc/manager.go:293.3,296.38 3 1
github.com/viant/dsc/manager.go:285.17,287.4 1 0
github.com/viant/dsc/manager.go:290.17,292.4 1 0
github.com/viant/dsc/manager.go:296.38,302.4 4 1
github.com/viant/dsc/manager.go:307.154,309.53 2 1
github.com/viant/dsc/manager.go:315.2,315.19 1 1
github.com/viant/dsc/manager.go:309.53,311.17 2 1
github.com/viant/dsc/manager.go:311.17,313.4 1 1
github.com/viant/dsc/manager.go:318.155,321.23 3 1
github.com/viant/dsc/manager.go:332.2,332.18 1 1
github.com/viant/dsc/manager.go:321.23,327.17 6 1
github.com/viant/dsc/manager.go:330.3,330.37 1 1
github.com/viant/dsc/manager.go:327.17,329.4 1 1
github.com/viant/dsc/manager.go:336.186,337.21 1 1
github.com/viant/dsc/manager.go:341.2,345.63 4 1
github.com/viant/dsc/manager.go:355.2,356.16 2 1
github.com/viant/dsc/manager.go:361.2,361.27 1 1
github.com/viant/dsc/manager.go:369.2,369.39 1 1
github.com/viant/dsc/manager.go:376.2,376.37 1 1
github.com/viant/dsc/manager.go:337.21,339.3 1 0
github.com/viant/dsc/manager.go:345.63,352.3 6 1
github.com/viant/dsc/manager.go:356.16,358.3 1 1
github.com/viant/dsc/manager.go:361.27,363.41 2 1
github.com/viant/dsc/manager.go:363.41,366.4 2 1
github.com/viant/dsc/manager.go:369.39,372.34 3 1
github.com/viant/dsc/manager.go:372.34,374.4 1 1
github.com/viant/dsc/manager.go:380.125,382.16 2 1
github.com/viant/dsc/manager.go:385.2,386.16 2 1
github.com/viant/dsc/manager.go:389.2,390.16 2 1
github.com/viant/dsc/manager.go:401.2,401.21 1 1
github.com/viant/dsc/manager.go:382.16,384.3 1 0
github.com/viant/dsc/manager.go:386.16,388.3 1 0
github.com/viant/dsc/manager.go:390.16,392.23 2 1
github.com/viant/dsc/manager.go:392.23,394.4 1 0
github.com/viant/dsc/manager.go:395.3,397.25 2 1
github.com/viant/dsc/manager.go:397.25,399.4 1 0
github.com/viant/dsc/manager.go:406.160,414.64 6 1
github.com/viant/dsc/manager.go:439.2,439.16 1 1
github.com/viant/dsc/manager.go:442.2,442.21 1 1
github.com/viant/dsc/manager.go:414.64,415.17 1 1
github.com/viant/dsc/manager.go:418.3,419.36 2 1
github.com/viant/dsc/manager.go:426.3,429.17 4 1
github.com/viant/dsc/manager.go:432.3,434.17 3 1
github.com/viant/dsc/manager.go:437.3,437.14 1 1
github.com/viant/dsc/manager.go:415.17,417.4 1 0
github.com/viant/dsc/manager.go:419.36,423.4 3 0
github.com/viant/dsc/manager.go:423.4,425.4 1 1
github.com/viant/dsc/manager.go:429.17,431.4 1 1
github.com/viant/dsc/manager.go:434.17,436.4 1 1
github.com/viant/dsc/manager.go:439.16,441.3 1 1
github.com/viant/dsc/manager.go:446.117,448.16 2 1
github.com/viant/dsc/manager.go:451.2,452.16 2 1
github.com/viant/dsc/manager.go:455.2,456.16 2 1
github.com/viant/dsc/manager.go:467.2,467.21 1 1
github.com/viant/dsc/manager.go:448.16,450.3 1 0
github.com/viant/dsc/manager.go:452.16,454.3 1 0
github.com/viant/dsc/manager.go:456.16,458.23 2 1
github.com/viant/dsc/manager.go:458.23,460.4 1 0
github.com/viant/dsc/manager.go:461.3,463.25 2 1
github.com/viant/dsc/manager.go:463.25,465.4 1 0
github.com/viant/dsc/manager.go:470.63,478.2 7 1
github.com/viant/dsc/manager.go:481.152,485.16 4 1
github.com/viant/dsc/manager.go:488.2,488.26 1 1
github.com/viant/dsc/manager.go:485.16,487.3 1 1
github.com/viant/dsc/manager.go:492.82,493.32 1 0
github.com/viant/dsc/manager.go:500.2,500.12 1 0
github.com/viant/dsc/manager.go:493.32,495.63 2 0
github.com/viant/dsc/manager.go:498.3,498.48 1 0
github.com/viant/dsc/manager.go:495.63,497.4 1 0
github.com/viant/dsc/manager.go:504.78,506.2 1 0
github.com/viant/dsc/manager.go:509.111,511.2 1 1
github.com/viant/dsc/manager_factory.go:17.70,18.29 1 1
github.com/viant/dsc/manager_factory.go:21.2,22.16 2 1
github.com/viant/dsc/manager_factory.go:25.2,26.31 2 1
github.com/viant/dsc/manager_factory.go:18.29,20.3 1 0
github.com/viant/dsc/manager_factory.go:22.16,24.3 1 0
github.com/viant/dsc/manager_factory.go:30.73,32.16 2 1
github.com/viant/dsc/manager_factory.go:35.2,38.16 4 1
github.com/viant/dsc/manager_factory.go:41.2,43.16 3 1
github.com/viant/dsc/manager_factory.go:46.2,46.35 1 1
github.com/viant/dsc/manager_factory.go:32.16,34.3 1 1
github.com/viant/dsc/manager_factory.go:38.16,40.3 1 0
github.com/viant/dsc/manager_factory.go:43.16,45.3 1 0
github.com/viant/dsc/manager_factory.go:51.41,54.2 2 1
github.com/viant/dsc/sql_dialect.go:9.71,11.2 1 0
github.com/viant/dsc/sql_dialect.go:14.69,16.2 1 0
github.com/viant/dsc/sql_dialect.go:19.87,22.2 2 0
github.com/viant/dsc/sql_dialect.go:25.85,28.2 2 0
github.com/viant/dsc/sql_dialect.go:31.95,34.2 2 0
github.com/viant/dsc/sql_dialect.go:37.113,40.2 2 0
github.com/viant/dsc/sql_dialect.go:43.93,46.16 3 0
github.com/viant/dsc/sql_dialect.go:49.2,50.27 2 0
github.com/viant/dsc/sql_dialect.go:53.2,53.20 1 0
github.com/viant/dsc/sql_dialect.go:46.16,48.3 1 0
github.com/viant/dsc/sql_dialect.go:50.27,52.3 1 0
github.com/viant/dsc/sql_dialect.go:57.79,60.16 3 0
github.com/viant/dsc/sql_dialect.go:63.2,64.27 2 0
github.com/viant/dsc/sql_dialect.go:67.2,67.20 1 0
github.com/viant/dsc/sql_dialect.go:60.16,62.3 1 0
github.com/viant/dsc/sql_dialect.go:64.27,66.3 1 0
github.com/viant/dsc/sql_dialect.go:71.53,73.2 1 0
github.com/viant/dsc/sql_dialect.go:83.76,86.28 3 0
github.com/viant/dsc/sql_dialect.go:89.2,89.28 1 0
github.com/viant/dsc/sql_dialect.go:86.28,88.3 1 0
github.com/viant/dsc/sql_dialect.go:93.80,96.28 3 0
github.com/viant/dsc/sql_dialect.go:99.2,99.23 1 0
github.com/viant/dsc/sql_dialect.go:96.28,98.3 1 0
github.com/viant/dsc/sql_dialect.go:106.78,109.28 3 0
github.com/viant/dsc/sql_dialect.go:112.2,112.28 1 0
github.com/viant/dsc/sql_dialect.go:109.28,111.3 1 0
github.com/viant/dsc/sql_dialect.go:117.74,120.16 3 0
github.com/viant/dsc/sql_dialect.go:123.2,124.27 2 0
github.com/viant/dsc/sql_dialect.go:127.2,127.20 1 0
github.com/viant/dsc/sql_dialect.go:120.16,122.3 1 0
github.com/viant/dsc/sql_dialect.go:124.27,126.3 1 0
github.com/viant/dsc/sql_dialect.go:130.82,133.28 3 0
github.com/viant/dsc/sql_dialect.go:137.2,137.27 1 0
github.com/viant/dsc/sql_dialect.go:133.28,135.3 1 0
github.com/viant/dsc/sql_dialect.go:141.82,143.2 1 0
github.com/viant/dsc/sql_dialect.go:149.73,152.28 3 0
github.com/viant/dsc/sql_dialect.go:155.2,155.28 1 0
github.com/viant/dsc/sql_dialect.go:152.28,154.3 1 0
github.com/viant/dsc/sql_dialect.go:159.77,162.28 3 0
github.com/viant/dsc/sql_dialect.go:165.2,165.23 1 0
github.com/viant/dsc/sql_dialect.go:162.28,164.3 1 0
github.com/viant/dsc/sql_dialect.go:172.84,175.16 3 0
github.com/viant/dsc/sql_dialect.go:178.2,179.27 2 0
github.com/viant/dsc/sql_dialect.go:182.2,182.20 1 0
github.com/viant/dsc/sql_dialect.go:175.16,177.3 1 0
github.com/viant/dsc/sql_dialect.go:179.27,181.3 1 0
github.com/viant/dsc/sql_dialect.go:185.74,188.28 3 0
github.com/viant/dsc/sql_dialect.go:191.2,191.28 1 0
github.com/viant/dsc/sql_dialect.go:188.28,190.3 1 0
github.com/viant/dsc/sql_dialect.go:195.70,198.16 3 0
github.com/viant/dsc/sql_dialect.go:201.2,202.27 2 0
github.com/viant/dsc/sql_dialect.go:205.2,205.20 1 0
github.com/viant/dsc/sql_dialect.go:198.16,200.3 1 0
github.com/viant/dsc/sql_dialect.go:202.27,204.3 1 0
github.com/viant/dsc/sql_dialect.go:208.78,211.28 3 0
github.com/viant/dsc/sql_dialect.go:214.2,214.23 1 0
github.com/viant/dsc/sql_dialect.go:211.28,213.3 1 0
github.com/viant/dsc/sql_dialect.go:221.76,224.28 3 0
github.com/viant/dsc/sql_dialect.go:227.2,227.28 1 0
github.com/viant/dsc/sql_dialect.go:224.28,226.3 1 0
github.com/viant/dsc/sql_dialect.go:231.80,234.28 3 0
github.com/viant/dsc/sql_dialect.go:237.2,237.23 1 0
github.com/viant/dsc/sql_dialect.go:234.28,236.3 1 0
github.com/viant/dsc/connection.go:16.48,18.2 1 0
github.com/viant/dsc/connection.go:21.64,23.2 1 1
github.com/viant/dsc/connection.go:26.45,29.62 3 1
github.com/viant/dsc/connection.go:35.2,35.12 1 1
github.com/viant/dsc/connection.go:29.62,32.3 2 1
github.com/viant/dsc/connection.go:32.3,34.3 1 1
github.com/viant/dsc/connection.go:39.118,41.2 1 1
github.com/viant/dsc/connection.go:51.56,53.2 1 1
github.com/viant/dsc/connection.go:56.72,58.2 1 1
github.com/viant/dsc/connection.go:61.65,63.26 2 1
github.com/viant/dsc/connection.go:66.2,67.57 2 1
github.com/viant/dsc/connection.go:63.26,65.3 1 0
github.com/viant/dsc/connection.go:67.57,69.17 2 1
github.com/viant/dsc/connection.go:74.3,74.10 1 1
github.com/viant/dsc/connection.go:69.17,71.9 2 0
github.com/viant/dsc/connection.go:75.3,76.112 1 0
github.com/viant/dsc/connection.go:77.3,77.37 0 1
github.com/viant/dsc/connection.go:84.53,85.46 1 1
github.com/viant/dsc/connection.go:96.2,96.12 1 1
github.com/viant/dsc/connection.go:85.46,87.10 2 0
github.com/viant/dsc/connection.go:88.3,88.38 0 0
github.com/viant/dsc/connection.go:89.3,91.18 2 0
github.com/viant/dsc/connection.go:91.18,93.5 1 0
github.com/viant/dsc/connection.go:100.65,105.9 4 1
github.com/viant/dsc/connection.go:112.2,112.19 1 1
github.com/viant/dsc/connection.go:119.2,119.20 1 1
github.com/viant/dsc/connection.go:106.2,107.3 1 0
github.com/viant/dsc/connection.go:110.2,110.33 0 1
github.com/viant/dsc/connection.go:107.3,109.4 1 0
github.com/viant/dsc/connection.go:112.19,115.17 3 0
github.com/viant/dsc/connection.go:115.17,117.4 1 0
github.com/viant/dsc/connection.go:123.150,125.2 1 1
github.com/viant/dsc/dialect_registry.go:7.76,9.2 1 1
github.com/viant/dsc/dialect_registry.go:12.58,13.60 1 1
github.com/viant/dsc/dialect_registry.go:16.2,16.59 1 0
github.com/viant/dsc/dialect_registry.go:13.60,15.3 1 1
github.com/viant/dsc/dialect_registry.go:19.13,26.2 6 1
github.com/viant/dsc/dml_provider.go:16.48,18.2 1 1
github.com/viant/dsc/dml_provider.go:21.67,24.2 2 1
github.com/viant/dsc/dml_provider.go:27.74,31.55 4 1
github.com/viant/dsc/dml_provider.go:31.55,33.40 2 1
github.com/viant/dsc/dml_provider.go:33.40,36.4 2 1
github.com/viant/dsc/dml_provider.go:41.92,44.33 3 1
github.com/viant/dsc/dml_provider.go:47.2,47.15 1 1
github.com/viant/dsc/dml_provider.go:44.33,46.3 1 1
github.com/viant/dsc/dml_provider.go:50.123,51.56 1 1
github.com/viant/dsc/dml_provider.go:58.2,58.14 1 1
github.com/viant/dsc/dml_provider.go:51.56,54.58 3 0
github.com/viant/dsc/dml_provider.go:54.58,56.4 1 0
github.com/viant/dsc/dml_provider.go:61.86,63.53 2 1
github.com/viant/dsc/dml_provider.go:71.2,71.12 1 0
github.com/viant/dsc/dml_provider.go:63.53,66.28 3 1
github.com/viant/dsc/dml_provider.go:69.3,69.58 1 1
github.com/viant/dsc/dml_provider.go:66.28,68.4 1 0
github.com/viant/dsc/dml_provider.go:75.83,78.82 3 1
github.com/viant/dsc/dml_provider.go:78.82,80.3 1 1
github.com/viant/dsc/dml_provider.go:83.76,88.2 3 1
github.com/viant/dsc/dml_provider.go:91.102,92.21 1 1
github.com/viant/dsc/dml_provider.go:95.2,97.15 3 1
github.com/viant/dsc/dml_provider.go:92.21,94.3 1 1
github.com/viant/dsc/dml_provider.go:101.97,102.22 1 1
github.com/viant/dsc/dml_provider.go:105.2,107.15 3 1
github.com/viant/dsc/dml_provider.go:102.22,104.3 1 0
github.com/viant/dsc/file_connection.go:13.41,15.2 1 1
github.com/viant/dsc/file_connection.go:17.41,19.2 1 1
github.com/viant/dsc/file_connection.go:21.66,22.58 1 0
github.com/viant/dsc/file_connection.go:25.42,25.56 1 1
github.com/viant/dsc/file_connection.go:27.44,27.58 1 0
github.com/viant/dsc/file_connection.go:33.71,42.2 8 1
github.com/viant/dsc/file_connection.go:44.67,45.29 1 1
github.com/viant/dsc/file_connection.go:48.2,52.27 5 1
github.com/viant/dsc/file_connection.go:45.29,47.3 1 1
github.com/viant/dsc/config.go:20.42,21.42 1 1
github.com/viant/dsc/config.go:24.2,24.46 1 0
github.com/viant/dsc/config.go:21.42,23.3 1 1
github.com/viant/dsc/config.go:28.39,30.2 1 0
github.com/viant/dsc/config.go:33.41,35.2 1 1
github.com/viant/dsc/config.go:38.40,39.37 1 0
github.com/viant/dsc/config.go:42.2,42.14 1 0
github.com/viant/dsc/config.go:39.37,41.3 1 0
github.com/viant/dsc/config.go:46.25,47.32 1 1
github.com/viant/dsc/config.go:47.32,50.3 2 1
github.com/viant/dsc/config.go:56.88,61.2 4 1
github.com/viant/dsc/factory_registry.go:7.13,10.36 3 1
github.com/viant/dsc/factory_registry.go:13.2,13.61 1 1
github.com/viant/dsc/factory_registry.go:10.36,12.3 1 1
github.com/viant/dsc/factory_registry.go:17.68,19.2 1 1
github.com/viant/dsc/factory_registry.go:22.63,23.48 1 1
github.com/viant/dsc/factory_registry.go:26.2,26.78 1 0
github.com/viant/dsc/factory_registry.go:23.48,25.3 1 1
github.com/viant/dsc/file_manager.go:30.71,32.39 2 1
github.com/viant/dsc/file_manager.go:36.2,36.28 1 1
github.com/viant/dsc/file_manager.go:41.2,41.28 1 1
github.com/viant/dsc/file_manager.go:68.2,68.15 1 1
github.com/viant/dsc/file_manager.go:32.39,34.3 1 0
github.com/viant/dsc/file_manager.go:36.28,39.3 2 1
github.com/viant/dsc/file_manager.go:43.2,44.29 1 1
github.com/viant/dsc/file_manager.go:48.2,49.29 1 0
github.com/viant/dsc/file_manager.go:53.2,58.55 3 1
github.com/viant/dsc/file_manager.go:66.3,66.16 1 1
github.com/viant/dsc/file_manager.go:44.29,46.4 1 1
github.com/viant/dsc/file_manager.go:49.29,51.4 1 0
github.com/viant/dsc/file_manager.go:58.55,61.15 3 1
github.com/viant/dsc/file_manager.go:64.5,64.46 1 1
github.com/viant/dsc/file_manager.go:61.15,63.6 1 1
github.com/viant/dsc/file_manager.go:71.56,74.2 2 1
github.com/viant/dsc/file_manager.go:76.83,79.16 3 1
github.com/viant/dsc/file_manager.go:82.2,84.20 3 1
github.com/viant/dsc/file_manager.go:79.16,81.3 1 0
github.com/viant/dsc/file_manager.go:87.119,89.16 2 1
github.com/viant/dsc/file_manager.go:92.2,92.33 1 1
github.com/viant/dsc/file_manager.go:100.2,100.20 1 1
github.com/viant/dsc/file_manager.go:89.16,91.3 1 0
github.com/viant/dsc/file_manager.go:92.33,94.19 2 1
github.com/viant/dsc/file_manager.go:98.3,98.22 1 1
github.com/viant/dsc/file_manager.go:94.19,96.12 2 1
github.com/viant/dsc/file_manager.go:104.143,105.29 1 1
github.com/viant/dsc/file_manager.go:111.2,112.16 2 1
github.com/viant/dsc/file_manager.go:115.2,117.16 3 1
github.com/viant/dsc/file_manager.go:120.2,121.16 2 1
github.com/viant/dsc/file_manager.go:124.2,125.16 2 1
github.com/viant/dsc/file_manager.go:128.2,128.12 1 1
github.com/viant/dsc/file_manager.go:105.29,107.17 2 1
github.com/viant/dsc/file_manager.go:107.17,109.4 1 0
github.com/viant/dsc/file_manager.go:112.16,114.3 1 0
github.com/viant/dsc/file_manager.go:117.16,119.3 1 0
github.com/viant/dsc/file_manager.go:121.16,123.3 1 0
github.com/viant/dsc/file_manager.go:125.16,127.3 1 0
github.com/viant/dsc/file_manager.go:131.189,134.16 3 1
github.com/viant/dsc/file_manager.go:137.2,138.33 2 1
github.com/viant/dsc/file_manager.go:144.2,144.115 1 1
github.com/viant/dsc/file_manager.go:166.2,168.16 2 1
github.com/viant/dsc/file_manager.go:171.2,171.16 1 1
github.com/viant/dsc/file_manager.go:178.2,178.16 1 1
github.com/viant/dsc/file_manager.go:181.2,181.19 1 1
github.com/viant/dsc/file_manager.go:134.16,136.3 1 0
github.com/viant/dsc/file_manager.go:138.33,140.17 2 1
github.com/viant/dsc/file_manager.go:140.17,142.4 1 0
github.com/viant/dsc/file_manager.go:144.115,146.14 1 1
github.com/viant/dsc/file_manager.go:156.3,157.17 2 1
github.com/viant/dsc/file_manager.go:160.3,161.17 2 1
github.com/viant/dsc/file_manager.go:164.3,164.19 1 1
github.com/viant/dsc/file_manager.go:146.14,149.18 3 1
github.com/viant/dsc/file_manager.go:152.4,152.22 1 1
github.com/viant/dsc/file_manager.go:149.18,151.5 1 0
github.com/viant/dsc/file_manager.go:152.22,154.5 1 1
github.com/viant/dsc/file_manager.go:157.17,159.4 1 0
github.com/viant/dsc/file_manager.go:161.17,163.4 1 0
github.com/viant/dsc/file_manager.go:168.16,170.3 1 0
github.com/viant/dsc/file_manager.go:171.16,174.17 3 1
github.com/viant/dsc/file_manager.go:174.17,176.4 1 0
github.com/viant/dsc/file_manager.go:178.16,180.3 1 0
github.com/viant/dsc/file_manager.go:185.121,187.16 2 1
github.com/viant/dsc/file_manager.go:190.2,190.108 1 1
github.com/viant/dsc/file_manager.go:187.16,189.3 1 0
github.com/viant/dsc/file_manager.go:190.108,191.35 1 1
github.com/viant/dsc/file_manager.go:194.3,194.19 1 1
github.com/viant/dsc/file_manager.go:191.35,193.4 1 1
github.com/viant/dsc/file_manager.go:198.121,199.108 1 1
github.com/viant/dsc/file_manager.go:199.108,201.3 1 1
github.com/viant/dsc/file_manager.go:206.127,209.16 3 1
github.com/viant/dsc/file_manager.go:212.2,218.24 7 1
github.com/viant/dsc/file_manager.go:229.2,229.16 1 1
github.com/viant/dsc/file_manager.go:232.2,232.43 1 1
github.com/viant/dsc/file_manager.go:209.16,211.3 1 0
github.com/viant/dsc/file_manager.go:219.2,221.17 2 1
github.com/viant/dsc/file_manager.go:224.2,225.64 1 1
github.com/viant/dsc/file_manager.go:226.2,227.64 1 1
github.com/viant/dsc/file_manager.go:221.17,223.4 1 1
github.com/viant/dsc/file_manager.go:229.16,231.3 1 0
github.com/viant/dsc/file_manager.go:235.164,238.29 3 1
github.com/viant/dsc/file_manager.go:241.2,242.16 2 1
github.com/viant/dsc/file_manager.go:245.2,247.21 3 1
github.com/viant/dsc/file_manager.go:267.2,267.12 1 1
github.com/viant/dsc/file_manager.go:238.29,240.3 1 1
github.com/viant/dsc/file_manager.go:242.16,244.3 1 0
github.com/viant/dsc/file_manager.go:247.21,252.17 5 1
github.com/viant/dsc/file_manager.go:255.3,256.23 2 1
github.com/viant/dsc/file_manager.go:259.3,260.17 2 1
github.com/viant/dsc/file_manager.go:263.3,263.18 1 1
github.com/viant/dsc/file_manager.go:252.17,254.4 1 0
github.com/viant/dsc/file_manager.go:256.23,258.4 1 1
github.com/viant/dsc/file_manager.go:260.17,262.4 1 0
github.com/viant/dsc/file_manager.go:263.18,265.4 1 1
github.com/viant/dsc/file_manager.go:270.222,271.116 1 1
github.com/viant/dsc/file_manager.go:295.2,295.16 1 1
github.com/viant/dsc/file_manager.go:298.2,298.12 1 1
github.com/viant/dsc/file_manager.go:271.116,272.15 1 1
github.com/viant/dsc/file_manager.go:275.3,276.61 2 1
github.com/viant/dsc/file_manager.go:283.3,287.17 5 1
github.com/viant/dsc/file_manager.go:290.3,290.18 1 1
github.com/viant/dsc/file_manager.go:293.3,293.19 1 1
github.com/viant/dsc/file_manager.go:272.15,274.4 1 1
github.com/viant/dsc/file_manager.go:276.61,277.45 1 1
github.com/viant/dsc/file_manager.go:277.45,279.5 1 1
github.com/viant/dsc/file_manager.go:280.4,282.4 1 0
github.com/viant/dsc/file_manager.go:287.17,289.4 1 0
github.com/viant/dsc/file_manager.go:290.18,292.4 1 1
github.com/viant/dsc/file_manager.go:295.16,297.3 1 0
github.com/viant/dsc/file_manager.go:302.195,305.16 3 1
github.com/viant/dsc/file_manager.go:308.2,309.33 2 1
github.com/viant/dsc/file_manager.go:316.2,316.93 1 1
github.com/viant/dsc/file_manager.go:305.16,307.3 1 0
github.com/viant/dsc/file_manager.go:309.33,312.17 3 1
github.com/viant/dsc/file_manager.go:312.17,314.4 1 0
github.com/viant/dsc/file_manager.go:320.112,325.2 1 1
github.com/viant/dsc/file_manager.go:333.39,335.16 2 1
github.com/viant/dsc/file_manager.go:338.2,339.16 2 1
github.com/viant/dsc/file_manager.go:342.2,342.13 1 1
github.com/viant/dsc/file_manager.go:335.16,337.3 1 0
github.com/viant/dsc/file_manager.go:339.16,341.3 1 1
github.com/viant/dsc/file_manager.go:345.40,347.16 2 1
github.com/viant/dsc/file_manager.go:350.2,351.12 2 1
github.com/viant/dsc/file_manager.go:347.16,349.3 1 0
github.com/viant/dsc/file_manager.go:359.78,364.11 4 1
github.com/viant/dsc/file_manager.go:367.2,369.15 3 1
github.com/viant/dsc/file_manager.go:364.11,366.3 1 1
github.com/viant/dsc/file_manager.go:372.56,374.2 1 1
github.com/viant/dsc/sql_paraser.go:37.48,39.36 2 0
github.com/viant/dsc/sql_paraser.go:42.2,42.15 1 0
github.com/viant/dsc/sql_paraser.go:39.36,41.3 1 0
github.com/viant/dsc/sql_paraser.go:45.94,47.24 2 1
github.com/viant/dsc/sql_paraser.go:55.2,55.41 1 0
github.com/viant/dsc/sql_paraser.go:59.2,59.41 1 0
github.com/viant/dsc/sql_paraser.go:63.2,63.20 1 0
github.com/viant/dsc/sql_paraser.go:47.24,48.28 1 1
github.com/viant/dsc/sql_paraser.go:51.3,53.24 3 1
github.com/viant/dsc/sql_paraser.go:48.28,50.4 1 0
github.com/viant/dsc/sql_paraser.go:55.41,57.3 1 0
github.com/viant/dsc/sql_paraser.go:59.41,62.3 2 0
github.com/viant/dsc/sql_paraser.go:67.92,69.40 2 0
github.com/viant/dsc/sql_paraser.go:82.2,82.20 1 0
github.com/viant/dsc/sql_paraser.go:69.40,71.32 2 0
github.com/viant/dsc/sql_paraser.go:74.3,74.34 1 0
github.com/viant/dsc/sql_paraser.go:71.32,73.4 1 0
github.com/viant/dsc/sql_paraser.go:74.34,76.18 2 0
github.com/viant/dsc/sql_paraser.go:79.4,79.34 1 0
github.com/viant/dsc/sql_paraser.go:76.18,78.5 1 0
github.com/viant/dsc/sql_paraser.go:99.89,101.28 2 1
github.com/viant/dsc/sql_paraser.go:109.2,109.20 1 1
github.com/viant/dsc/sql_paraser.go:101.28,103.17 2 1
github.com/viant/dsc/sql_paraser.go:106.3,106.33 1 1
github.com/viant/dsc/sql_paraser.go:103.17,105.4 1 0
github.com/viant/dsc/sql_paraser.go:113.100,116.16 3 1
github.com/viant/dsc/sql_paraser.go:119.2,119.36 1 1
github.com/viant/dsc/sql_paraser.go:122.2,122.20 1 1
github.com/viant/dsc/sql_paraser.go:116.16,118.3 1 0
github.com/viant/dsc/sql_paraser.go:119.36,121.3 1 1
github.com/viant/dsc/sql_paraser.go:225.151,227.28 2 1
github.com/viant/dsc/sql_paraser.go:230.2,230.32 1 1
github.com/viant/dsc/sql_paraser.go:233.2,233.28 1 1
github.com/viant/dsc/sql_paraser.go:236.2,236.19 1 1
github.com/viant/dsc/sql_paraser.go:227.28,229.3 1 0
github.com/viant/dsc/sql_paraser.go:230.32,232.3 1 1
github.com/viant/dsc/sql_paraser.go:233.28,235.3 1 0
github.com/viant/dsc/sql_paraser.go:239.159,245.28 5 1
github.com/viant/dsc/sql_paraser.go:248.2,248.32 1 1
github.com/viant/dsc/sql_paraser.go:251.2,251.28 1 1
github.com/viant/dsc/sql_paraser.go:254.2,254.19 1 1
github.com/viant/dsc/sql_paraser.go:245.28,247.3 1 0
github.com/viant/dsc/sql_paraser.go:248.32,250.3 1 1
github.com/viant/dsc/sql_paraser.go:251.28,253.3 1 0
github.com/viant/dsc/sql_paraser.go:257.72,260.6 3 1
github.com/viant/dsc/sql_paraser.go:276.2,276.20 1 1
github.com/viant/dsc/sql_paraser.go:260.6,262.17 2 1
github.com/viant/dsc/sql_paraser.go:265.3,268.17 3 1
github.com/viant/dsc/sql_paraser.go:272.3,272.25 1 1
github.com/viant/dsc/sql_paraser.go:262.17,264.4 1 0
github.com/viant/dsc/sql_paraser.go:268.17,270.4 1 0
github.com/viant/dsc/sql_paraser.go:272.25,273.9 1 1
github.com/viant/dsc/sql_paraser.go:279.97,281.16 2 1
github.com/viant/dsc/sql_paraser.go:284.2,286.16 3 1
github.com/viant/dsc/sql_paraser.go:289.2,289.27 1 1
github.com/viant/dsc/sql_paraser.go:281.16,283.3 1 0
github.com/viant/dsc/sql_paraser.go:286.16,288.3 1 0
github.com/viant/dsc/sql_paraser.go:292.126,293.49 1 1
github.com/viant/dsc/sql_paraser.go:296.2,297.6 2 1
github.com/viant/dsc/sql_paraser.go:372.2,372.12 1 1
github.com/viant/dsc/sql_paraser.go:293.49,295.3 1 1
github.com/viant/dsc/sql_paraser.go:297.6,299.17 2 1
github.com/viant/dsc/sql_paraser.go:303.3,307.17 4 1
github.com/viant/dsc/sql_paraser.go:310.3,311.22 2 1
github.com/viant/dsc/sql_paraser.go:363.3,364.17 2 1
github.com/viant/dsc/sql_paraser.go:367.3,367.25 1 1
github.com/viant/dsc/sql_paraser.go:370.3,370.60 1 1
github.com/viant/dsc/sql_paraser.go:299.17,301.4 1 0
github.com/viant/dsc/sql_paraser.go:307.17,309.4 1 0
github.com/viant/dsc/sql_paraser.go:312.3,315.18 3 0
github.com/viant/dsc/sql_paraser.go:318.4,319.15 2 0
github.com/viant/dsc/sql_paraser.go:320.3,324.18 4 1
github.com/viant/dsc/sql_paraser.go:327.3,329.18 2 1
github.com/viant/dsc/sql_paraser.go:332.4,332.58 1 1
github.com/viant/dsc/sql_paraser.go:333.3,335.18 2 0
github.com/viant/dsc/sql_paraser.go:338.4,338.33 1 0
github.com/viant/dsc/sql_paraser.go:346.3,348.18 2 0
github.com/viant/dsc/sql_paraser.go:351.4,353.18 3 0
github.com/viant/dsc/sql_paraser.go:356.4,357.18 2 0
github.com/viant/dsc/sql_paraser.go:360.4,361.79 2 0
github.com/viant/dsc/sql_paraser.go:315.18,317.5 1 0
github.com/viant/dsc/sql_paraser.go:324.18,326.5 1 0
github.com/viant/dsc/sql_paraser.go:329.18,331.5 1 0
github.com/viant/dsc/sql_paraser.go:335.18,337.5 1 0
github.com/viant/dsc/sql_paraser.go:338.33,341.19 3 0
github.com/viant/dsc/sql_paraser.go:344.5,344.59 1 0
github.com/viant/dsc/sql_paraser.go:341.19,343.6 1 0
github.com/viant/dsc/sql_paraser.go:348.18,350.5 1 0
github.com/viant/dsc/sql_paraser.go:353.18,355.5 1 0
github.com/viant/dsc/sql_paraser.go:357.18,359.5 1 0
github.com/viant/dsc/sql_paraser.go:364.17,366.4 1 0
github.com/viant/dsc/sql_paraser.go:367.25,368.9 1 1
github.com/viant/dsc/sql_paraser.go:378.122,383.6 5 1
github.com/viant/dsc/sql_paraser.go:383.6,385.22 2 1
github.com/viant/dsc/sql_paraser.go:386.3,387.90 1 0
github.com/viant/dsc/sql_paraser.go:389.3,391.18 2 1
github.com/viant/dsc/sql_paraser.go:394.4,396.9 3 1
github.com/viant/dsc/sql_paraser.go:397.3,400.27 2 1
github.com/viant/dsc/sql_paraser.go:391.18,393.5 1 0
github.com/viant/dsc/sql_paraser.go:401.4,402.15 1 1
github.com/viant/dsc/sql_paraser.go:403.4,405.19 2 0
github.com/viant/dsc/sql_paraser.go:408.5,408.33 1 0
github.com/viant/dsc/sql_paraser.go:409.4,410.33 1 0
github.com/viant/dsc/sql_paraser.go:405.19,407.6 1 0
github.com/viant/dsc/sql_paraser.go:417.69,424.16 6 1
github.com/viant/dsc/sql_paraser.go:428.2,429.16 2 1
github.com/viant/dsc/sql_paraser.go:433.2,433.21 1 1
github.com/viant/dsc/sql_paraser.go:448.2,449.16 2 1
github.com/viant/dsc/sql_paraser.go:452.2,455.16 3 1
github.com/viant/dsc/sql_paraser.go:458.2,459.16 2 1
github.com/viant/dsc/sql_paraser.go:463.2,463.20 1 1
github.com/viant/dsc/sql_paraser.go:424.16,426.3 1 0
github.com/viant/dsc/sql_paraser.go:429.16,431.3 1 0
github.com/viant/dsc/sql_paraser.go:434.2,437.17 3 1
github.com/viant/dsc/sql_paraser.go:441.2,443.17 2 1
github.com/viant/dsc/sql_paraser.go:437.17,439.4 1 0
github.com/viant/dsc/sql_paraser.go:443.17,445.4 1 0
github.com/viant/dsc/sql_paraser.go:449.16,451.3 1 0
github.com/viant/dsc/sql_paraser.go:455.16,457.3 1 0
github.com/viant/dsc/sql_paraser.go:459.16,461.3 1 0
github.com/viant/dsc/sql_paraser.go:467.36,469.2 1 1
github.com/viant/dsc/sql_paraser.go:474.101,476.16 2 1
github.com/viant/dsc/sql_paraser.go:479.2,480.58 2 1
github.com/viant/dsc/sql_paraser.go:495.2,495.12 1 0
github.com/viant/dsc/sql_paraser.go:476.16,478.3 1 0
github.com/viant/dsc/sql_paraser.go:480.58,482.17 2 1
github.com/viant/dsc/sql_paraser.go:485.3,488.17 4 1
github.com/viant/dsc/sql_paraser.go:491.3,491.33 1 1
github.com/viant/dsc/sql_paraser.go:482.17,484.4 1 0
github.com/viant/dsc/sql_paraser.go:488.17,490.4 1 0
github.com/viant/dsc/sql_paraser.go:491.33,493.4 1 1
github.com/viant/dsc/sql_paraser.go:498.100,500.16 2 1
github.com/viant/dsc/sql_paraser.go:503.2,504.58 2 1
github.com/viant/dsc/sql_paraser.go:518.2,518.12 1 0
github.com/viant/dsc/sql_paraser.go:500.16,502.3 1 0
github.com/viant/dsc/sql_paraser.go:504.58,506.17 2 1
github.com/viant/dsc/sql_paraser.go:509.3,511.17 3 1
github.com/viant/dsc/sql_paraser.go:514.3,514.33 1 1
github.com/viant/dsc/sql_paraser.go:506.17,508.4 1 0
github.com/viant/dsc/sql_paraser.go:511.17,513.4 1 0
github.com/viant/dsc/sql_paraser.go:514.33,516.4 1 1
github.com/viant/dsc/sql_paraser.go:521.95,523.16 2 1
github.com/viant/dsc/sql_paraser.go:526.2,527.16 2 1
github.com/viant/dsc/sql_paraser.go:530.2,533.16 3 1
github.com/viant/dsc/sql_paraser.go:537.2,538.16 2 1
github.com/viant/dsc/sql_paraser.go:541.2,542.16 2 1
github.com/viant/dsc/sql_paraser.go:545.2,545.12 1 1
github.com/viant/dsc/sql_paraser.go:523.16,525.3 1 0
github.com/viant/dsc/sql_paraser.go:527.16,529.3 1 0
github.com/viant/dsc/sql_paraser.go:533.16,535.3 1 0
github.com/viant/dsc/sql_paraser.go:538.16,540.3 1 0
github.com/viant/dsc/sql_paraser.go:542.16,544.3 1 0
github.com/viant/dsc/sql_paraser.go:548.121,551.58 3 1
github.com/viant/dsc/sql_paraser.go:575.2,575.17 1 0
github.com/viant/dsc/sql_paraser.go:551.58,553.17 2 1
github.com/viant/dsc/sql_paraser.go:556.3,559.17 4 1
github.com/viant/dsc/sql_paraser.go:562.3,563.17 2 1
github.com/viant/dsc/sql_paraser.go:566.3,568.17 3 1
github.com/viant/dsc/sql_paraser.go:571.3,571.26 1 1
github.com/viant/dsc/sql_paraser.go:553.17,555.4 1 0
github.com/viant/dsc/sql_paraser.go:559.17,561.4 1 0
github.com/viant/dsc/sql_paraser.go:563.17,565.4 1 0
github.com/viant/dsc/sql_paraser.go:568.17,570.4 1 0
github.com/viant/dsc/sql_paraser.go:571.26,573.4 1 1
github.com/viant/dsc/sql_paraser.go:578.95,580.16 2 1
github.com/viant/dsc/sql_paraser.go:583.2,585.16 3 1
github.com/viant/dsc/sql_paraser.go:588.2,590.16 3 1
github.com/viant/dsc/sql_paraser.go:593.2,593.12 1 1
github.com/viant/dsc/sql_paraser.go:580.16,582.3 1 0
github.com/viant/dsc/sql_paraser.go:585.16,587.3 1 0
github.com/viant/dsc/sql_paraser.go:590.16,592.3 1 0
github.com/viant/dsc/sql_paraser.go:596.95,598.16 2 1
github.com/viant/dsc/sql_paraser.go:601.2,602.16 2 1
github.com/viant/dsc/sql_paraser.go:605.2,608.16 3 1
github.com/viant/dsc/sql_paraser.go:611.2,612.16 2 1
github.com/viant/dsc/sql_paraser.go:615.2,615.12 1 1
github.com/viant/dsc/sql_paraser.go:598.16,600.3 1 0
github.com/viant/dsc/sql_paraser.go:602.16,604.3 1 0
github.com/viant/dsc/sql_paraser.go:608.16,610.3 1 0
github.com/viant/dsc/sql_paraser.go:612.16,614.3 1 0
github.com/viant/dsc/sql_paraser.go:619.65,624.16 5 1
github.com/viant/dsc/sql_paraser.go:627.2,628.21 2 1
github.com/viant/dsc/sql_paraser.go:636.2,636.16 1 1
github.com/viant/dsc/sql_paraser.go:639.2,639.20 1 1
github.com/viant/dsc/sql_paraser.go:624.16,626.3 1 0
github.com/viant/dsc/sql_paraser.go:629.2,630.42 1 1
github.com/viant/dsc/sql_paraser.go:631.2,632.42 1 1
github.com/viant/dsc/sql_paraser.go:633.2,634.42 1 1
github.com/viant/dsc/sql_paraser.go:636.16,638.3 1 0
github.com/viant/dsc/sql_paraser.go:643.32,645.2 1 1
github.com/viant/dsc/sql_paraser.go:653.50,655.2 1 0
github.com/viant/dsc/sql_paraser.go:657.68,659.2 1 0
